2/11/2024 -- 17:41:45 - <Notice> - This is Suricata version 6.0.15 RELEASE running in SYSTEM mode
2/11/2024 -- 17:41:45 - <Info> - CPUs/cores online: 10
2/11/2024 -- 17:41:45 - <Info> - Setting engine mode to IDS mode by default
2/11/2024 -- 17:41:45 - <Info> - master exception-policy set to: auto
2/11/2024 -- 17:41:45 - <Info> - Found an MTU of 1500 for 'eth0'
2/11/2024 -- 17:41:45 - <Info> - Found an MTU of 1500 for 'eth0'
2/11/2024 -- 17:41:45 - <Info> - fast output device (regular) initialized: fast.log
2/11/2024 -- 17:41:45 - <Info> - eve-log output device (regular) initialized: eve.json
2/11/2024 -- 17:41:45 - <Info> - stats output device (regular) initialized: stats.log
2/11/2024 -- 17:41:45 - <Info> - Running in live mode, activating unix socket
2/11/2024 -- 17:41:51 - <Info> - 1 rule files processed. 35310 rules successfully loaded, 0 rules failed
2/11/2024 -- 17:41:51 - <Info> - Threshold config parsed: 0 rule(s) found
2/11/2024 -- 17:41:52 - <Info> - 35313 signatures processed. 1264 are IP-only rules, 5291 are inspecting packet payload, 28551 inspect application layer, 108 are decoder event only
2/11/2024 -- 17:41:58 - <Error> - [ERRCODE: SC_ERR_INVALID_VALUE(130)] - fanout not supported by kernel: Kernel too old or cluster-id 99 already in use.
2/11/2024 -- 17:41:58 - <Warning> - [ERRCODE: SC_ERR_SYSCALL(50)] - Failure when trying to get feature via ioctl for 'eth0': Not a tty (25)
2/11/2024 -- 17:41:58 - <Warning> - [ERRCODE: SC_ERR_SYSCALL(50)] - Failure when trying to get feature via ioctl for 'eth0': Not a tty (25)
2/11/2024 -- 17:41:58 - <Warning> - [ERRCODE: SC_ERR_SYSCALL(50)] - Failure when trying to get feature via ioctl for 'eth0': Not a tty (25)
2/11/2024 -- 17:41:58 - <Warning> - [ERRCODE: SC_ERR_SYSCALL(50)] - Failure when trying to get feature via ioctl for 'eth0': Not a tty (25)
2/11/2024 -- 17:41:58 - <Warning> - [ERRCODE: SC_ERR_SYSCALL(50)] - Failure when trying to get feature via ioctl for 'eth0': Not a tty (25)
2/11/2024 -- 17:41:58 - <Info> - Going to use 1 thread(s)
2/11/2024 -- 17:41:58 - <Info> - Running in live mode, activating unix socket
2/11/2024 -- 17:41:58 - <Info> - Using unix socket file '/var/run/suricata/suricata-command.socket'
2/11/2024 -- 17:41:58 - <Notice> - all 1 packet processing threads, 4 management threads initialized, engine started.
2/11/2024 -- 17:41:58 - <Error> - [ERRCODE: SC_ERR_AFP_CREATE(190)] - Couldn't switch iface eth0 to promiscuous, error Protocol not available
2/11/2024 -- 17:41:58 - <Error> - [ERRCODE: SC_ERR_AFP_CREATE(190)] - Couldn't init AF_PACKET socket, fatal error
2/11/2024 -- 17:41:58 - <Error> - [ERRCODE: SC_ERR_FATAL(171)] - thread W#01-eth0 failed
2/11/2024 -- 17:41:59 - <Notice> - This is Suricata version 6.0.15 RELEASE running in SYSTEM mode
2/11/2024 -- 17:41:59 - <Info> - CPUs/cores online: 10
2/11/2024 -- 17:41:59 - <Info> - Setting engine mode to IDS mode by default
2/11/2024 -- 17:41:59 - <Info> - master exception-policy set to: auto
2/11/2024 -- 17:41:59 - <Info> - Found an MTU of 1500 for 'eth0'
2/11/2024 -- 17:41:59 - <Info> - Found an MTU of 1500 for 'eth0'
2/11/2024 -- 17:42:00 - <Info> - fast output device (regular) initialized: fast.log
2/11/2024 -- 17:42:00 - <Info> - eve-log output device (regular) initialized: eve.json
2/11/2024 -- 17:42:00 - <Info> - stats output device (regular) initialized: stats.log
2/11/2024 -- 17:42:00 - <Info> - Running in live mode, activating unix socket
2/11/2024 -- 17:42:06 - <Info> - 1 rule files processed. 35310 rules successfully loaded, 0 rules failed
2/11/2024 -- 17:42:06 - <Info> - Threshold config parsed: 0 rule(s) found
2/11/2024 -- 17:42:07 - <Info> - 35313 signatures processed. 1264 are IP-only rules, 5291 are inspecting packet payload, 28551 inspect application layer, 108 are decoder event only
2/11/2024 -- 17:42:12 - <Error> - [ERRCODE: SC_ERR_INVALID_VALUE(130)] - fanout not supported by kernel: Kernel too old or cluster-id 99 already in use.
2/11/2024 -- 17:42:12 - <Warning> - [ERRCODE: SC_ERR_SYSCALL(50)] - Failure when trying to get feature via ioctl for 'eth0': Not a tty (25)
2/11/2024 -- 17:42:12 - <Warning> - [ERRCODE: SC_ERR_SYSCALL(50)] - Failure when trying to get feature via ioctl for 'eth0': Not a tty (25)
2/11/2024 -- 17:42:12 - <Warning> - [ERRCODE: SC_ERR_SYSCALL(50)] - Failure when trying to get feature via ioctl for 'eth0': Not a tty (25)
2/11/2024 -- 17:42:12 - <Warning> - [ERRCODE: SC_ERR_SYSCALL(50)] - Failure when trying to get feature via ioctl for 'eth0': Not a tty (25)
2/11/2024 -- 17:42:12 - <Warning> - [ERRCODE: SC_ERR_SYSCALL(50)] - Failure when trying to get feature via ioctl for 'eth0': Not a tty (25)
2/11/2024 -- 17:42:12 - <Info> - Going to use 1 thread(s)
2/11/2024 -- 17:42:12 - <Info> - Running in live mode, activating unix socket
2/11/2024 -- 17:42:12 - <Info> - Using unix socket file '/var/run/suricata/suricata-command.socket'
2/11/2024 -- 17:42:12 - <Notice> - all 1 packet processing threads, 4 management threads initialized, engine started.
2/11/2024 -- 17:42:12 - <Error> - [ERRCODE: SC_ERR_AFP_CREATE(190)] - Couldn't switch iface eth0 to promiscuous, error Protocol not available
2/11/2024 -- 17:42:12 - <Error> - [ERRCODE: SC_ERR_AFP_CREATE(190)] - Couldn't init AF_PACKET socket, fatal error
2/11/2024 -- 17:42:12 - <Error> - [ERRCODE: SC_ERR_FATAL(171)] - thread W#01-eth0 failed
2/11/2024 -- 17:42:14 - <Notice> - This is Suricata version 6.0.15 RELEASE running in SYSTEM mode
2/11/2024 -- 17:42:14 - <Info> - CPUs/cores online: 10
2/11/2024 -- 17:42:14 - <Info> - Setting engine mode to IDS mode by default
2/11/2024 -- 17:42:14 - <Info> - master exception-policy set to: auto
2/11/2024 -- 17:42:14 - <Info> - Found an MTU of 1500 for 'eth0'
2/11/2024 -- 17:42:14 - <Info> - Found an MTU of 1500 for 'eth0'
2/11/2024 -- 17:42:14 - <Info> - fast output device (regular) initialized: fast.log
2/11/2024 -- 17:42:14 - <Info> - eve-log output device (regular) initialized: eve.json
2/11/2024 -- 17:42:14 - <Info> - stats output device (regular) initialized: stats.log
2/11/2024 -- 17:42:14 - <Info> - Running in live mode, activating unix socket
2/11/2024 -- 17:42:20 - <Info> - 1 rule files processed. 35310 rules successfully loaded, 0 rules failed
2/11/2024 -- 17:42:20 - <Info> - Threshold config parsed: 0 rule(s) found
2/11/2024 -- 17:42:22 - <Info> - 35313 signatures processed. 1264 are IP-only rules, 5291 are inspecting packet payload, 28551 inspect application layer, 108 are decoder event only
2/11/2024 -- 17:42:27 - <Error> - [ERRCODE: SC_ERR_INVALID_VALUE(130)] - fanout not supported by kernel: Kernel too old or cluster-id 99 already in use.
2/11/2024 -- 17:42:27 - <Warning> - [ERRCODE: SC_ERR_SYSCALL(50)] - Failure when trying to get feature via ioctl for 'eth0': Not a tty (25)
2/11/2024 -- 17:42:27 - <Warning> - [ERRCODE: SC_ERR_SYSCALL(50)] - Failure when trying to get feature via ioctl for 'eth0': Not a tty (25)
2/11/2024 -- 17:42:27 - <Warning> - [ERRCODE: SC_ERR_SYSCALL(50)] - Failure when trying to get feature via ioctl for 'eth0': Not a tty (25)
2/11/2024 -- 17:42:27 - <Warning> - [ERRCODE: SC_ERR_SYSCALL(50)] - Failure when trying to get feature via ioctl for 'eth0': Not a tty (25)
2/11/2024 -- 17:42:27 - <Warning> - [ERRCODE: SC_ERR_SYSCALL(50)] - Failure when trying to get feature via ioctl for 'eth0': Not a tty (25)
2/11/2024 -- 17:42:27 - <Info> - Going to use 1 thread(s)
2/11/2024 -- 17:42:27 - <Info> - Running in live mode, activating unix socket
2/11/2024 -- 17:42:27 - <Info> - Using unix socket file '/var/run/suricata/suricata-command.socket'
2/11/2024 -- 17:42:27 - <Notice> - all 1 packet processing threads, 4 management threads initialized, engine started.
2/11/2024 -- 17:42:27 - <Error> - [ERRCODE: SC_ERR_AFP_CREATE(190)] - Couldn't switch iface eth0 to promiscuous, error Protocol not available
2/11/2024 -- 17:42:27 - <Error> - [ERRCODE: SC_ERR_AFP_CREATE(190)] - Couldn't init AF_PACKET socket, fatal error
2/11/2024 -- 17:42:27 - <Error> - [ERRCODE: SC_ERR_FATAL(171)] - thread W#01-eth0 failed
2/11/2024 -- 17:42:29 - <Notice> - This is Suricata version 6.0.15 RELEASE running in SYSTEM mode
2/11/2024 -- 17:42:29 - <Info> - CPUs/cores online: 10
2/11/2024 -- 17:42:29 - <Info> - Setting engine mode to IDS mode by default
2/11/2024 -- 17:42:29 - <Info> - master exception-policy set to: auto
2/11/2024 -- 17:42:29 - <Info> - Found an MTU of 1500 for 'eth0'
2/11/2024 -- 17:42:29 - <Info> - Found an MTU of 1500 for 'eth0'
2/11/2024 -- 17:42:29 - <Info> - fast output device (regular) initialized: fast.log
2/11/2024 -- 17:42:29 - <Info> - eve-log output device (regular) initialized: eve.json
2/11/2024 -- 17:42:29 - <Info> - stats output device (regular) initialized: stats.log
2/11/2024 -- 17:42:29 - <Info> - Running in live mode, activating unix socket
2/11/2024 -- 17:42:35 - <Info> - 1 rule files processed. 35310 rules successfully loaded, 0 rules failed
2/11/2024 -- 17:42:35 - <Info> - Threshold config parsed: 0 rule(s) found
2/11/2024 -- 17:42:36 - <Info> - 35313 signatures processed. 1264 are IP-only rules, 5291 are inspecting packet payload, 28551 inspect application layer, 108 are decoder event only
2/11/2024 -- 17:42:42 - <Error> - [ERRCODE: SC_ERR_INVALID_VALUE(130)] - fanout not supported by kernel: Kernel too old or cluster-id 99 already in use.
2/11/2024 -- 17:42:42 - <Warning> - [ERRCODE: SC_ERR_SYSCALL(50)] - Failure when trying to get feature via ioctl for 'eth0': Not a tty (25)
2/11/2024 -- 17:42:42 - <Warning> - [ERRCODE: SC_ERR_SYSCALL(50)] - Failure when trying to get feature via ioctl for 'eth0': Not a tty (25)
2/11/2024 -- 17:42:42 - <Warning> - [ERRCODE: SC_ERR_SYSCALL(50)] - Failure when trying to get feature via ioctl for 'eth0': Not a tty (25)
2/11/2024 -- 17:42:42 - <Warning> - [ERRCODE: SC_ERR_SYSCALL(50)] - Failure when trying to get feature via ioctl for 'eth0': Not a tty (25)
2/11/2024 -- 17:42:42 - <Warning> - [ERRCODE: SC_ERR_SYSCALL(50)] - Failure when trying to get feature via ioctl for 'eth0': Not a tty (25)
2/11/2024 -- 17:42:42 - <Info> - Going to use 1 thread(s)
2/11/2024 -- 17:42:42 - <Info> - Running in live mode, activating unix socket
2/11/2024 -- 17:42:42 - <Info> - Using unix socket file '/var/run/suricata/suricata-command.socket'
2/11/2024 -- 17:42:42 - <Notice> - all 1 packet processing threads, 4 management threads initialized, engine started.
2/11/2024 -- 17:42:42 - <Error> - [ERRCODE: SC_ERR_AFP_CREATE(190)] - Couldn't switch iface eth0 to promiscuous, error Protocol not available
2/11/2024 -- 17:42:42 - <Error> - [ERRCODE: SC_ERR_AFP_CREATE(190)] - Couldn't init AF_PACKET socket, fatal error
2/11/2024 -- 17:42:42 - <Error> - [ERRCODE: SC_ERR_FATAL(171)] - thread W#01-eth0 failed
2/11/2024 -- 17:42:44 - <Notice> - This is Suricata version 6.0.15 RELEASE running in SYSTEM mode
2/11/2024 -- 17:42:44 - <Info> - CPUs/cores online: 10
2/11/2024 -- 17:42:44 - <Info> - Setting engine mode to IDS mode by default
2/11/2024 -- 17:42:44 - <Info> - master exception-policy set to: auto
2/11/2024 -- 17:42:44 - <Info> - Found an MTU of 1500 for 'eth0'
2/11/2024 -- 17:42:44 - <Info> - Found an MTU of 1500 for 'eth0'
2/11/2024 -- 17:42:44 - <Info> - fast output device (regular) initialized: fast.log
2/11/2024 -- 17:42:44 - <Info> - eve-log output device (regular) initialized: eve.json
2/11/2024 -- 17:42:44 - <Info> - stats output device (regular) initialized: stats.log
2/11/2024 -- 17:42:44 - <Info> - Running in live mode, activating unix socket
2/11/2024 -- 17:48:52 - <Notice> - This is Suricata version 6.0.15 RELEASE running in SYSTEM mode
2/11/2024 -- 17:48:52 - <Info> - CPUs/cores online: 10
2/11/2024 -- 17:48:52 - <Info> - Setting engine mode to IDS mode by default
2/11/2024 -- 17:48:52 - <Info> - master exception-policy set to: auto
2/11/2024 -- 17:48:52 - <Info> - Found an MTU of 1500 for 'eth0'
2/11/2024 -- 17:48:52 - <Info> - Found an MTU of 1500 for 'eth0'
2/11/2024 -- 17:48:53 - <Info> - fast output device (regular) initialized: fast.log
2/11/2024 -- 17:48:53 - <Info> - eve-log output device (regular) initialized: eve.json
2/11/2024 -- 17:48:53 - <Info> - stats output device (regular) initialized: stats.log
2/11/2024 -- 17:48:53 - <Info> - Running in live mode, activating unix socket
2/11/2024 -- 17:48:59 - <Info> - 1 rule files processed. 35310 rules successfully loaded, 0 rules failed
2/11/2024 -- 17:48:59 - <Info> - Threshold config parsed: 0 rule(s) found
2/11/2024 -- 17:49:00 - <Info> - 35313 signatures processed. 1264 are IP-only rules, 5291 are inspecting packet payload, 28551 inspect application layer, 108 are decoder event only
2/11/2024 -- 17:49:04 - <Notice> - This is Suricata version 6.0.15 RELEASE running in SYSTEM mode
2/11/2024 -- 17:49:04 - <Info> - CPUs/cores online: 10
2/11/2024 -- 17:49:04 - <Info> - Setting engine mode to IDS mode by default
2/11/2024 -- 17:49:04 - <Info> - master exception-policy set to: auto
2/11/2024 -- 17:49:04 - <Warning> - [ERRCODE: SC_ERR_SYSCALL(50)] - Failure when trying to get MTU via ioctl for 'wlan0': No such device (19)
2/11/2024 -- 17:49:04 - <Warning> - [ERRCODE: SC_ERR_SYSCALL(50)] - Failure when trying to get MTU via ioctl for 'wlan0': No such device (19)
2/11/2024 -- 17:49:04 - <Info> - fast output device (regular) initialized: fast.log
2/11/2024 -- 17:49:04 - <Info> - eve-log output device (regular) initialized: eve.json
2/11/2024 -- 17:49:04 - <Info> - stats output device (regular) initialized: stats.log
2/11/2024 -- 17:49:04 - <Info> - Running in live mode, activating unix socket
2/11/2024 -- 17:49:10 - <Info> - 1 rule files processed. 35310 rules successfully loaded, 0 rules failed
2/11/2024 -- 17:49:10 - <Info> - Threshold config parsed: 0 rule(s) found
2/11/2024 -- 17:49:11 - <Info> - 35313 signatures processed. 1264 are IP-only rules, 5291 are inspecting packet payload, 28551 inspect application layer, 108 are decoder event only
2/11/2024 -- 17:49:16 - <Error> - [ERRCODE: SC_ERR_INVALID_VALUE(130)] - fanout not supported by kernel: Kernel too old or cluster-id 1 already in use.
2/11/2024 -- 17:49:16 - <Error> - [ERRCODE: SC_ERR_AFP_CREATE(190)] - Unable to find type for iface "wlan0": No such device
2/11/2024 -- 17:49:17 - <Info> - Going to use 1 thread(s)
2/11/2024 -- 17:49:17 - <Info> - Running in live mode, activating unix socket
2/11/2024 -- 17:49:17 - <Info> - Using unix socket file '/var/run/suricata/suricata-command.socket'
2/11/2024 -- 17:49:17 - <Notice> - all 1 packet processing threads, 4 management threads initialized, engine started.
2/11/2024 -- 17:49:17 - <Error> - [ERRCODE: SC_ERR_AFP_CREATE(190)] - Unable to find iface wlan0: No such device
2/11/2024 -- 17:49:17 - <Error> - [ERRCODE: SC_ERR_AFP_CREATE(190)] - Couldn't init AF_PACKET socket, fatal error
2/11/2024 -- 17:49:17 - <Error> - [ERRCODE: SC_ERR_FATAL(171)] - thread W#01-wlan0 failed
2/11/2024 -- 17:49:17 - <Notice> - This is Suricata version 6.0.15 RELEASE running in SYSTEM mode
2/11/2024 -- 17:49:17 - <Info> - CPUs/cores online: 10
2/11/2024 -- 17:49:17 - <Info> - Setting engine mode to IDS mode by default
2/11/2024 -- 17:49:17 - <Info> - master exception-policy set to: auto
2/11/2024 -- 17:49:17 - <Warning> - [ERRCODE: SC_ERR_SYSCALL(50)] - Failure when trying to get MTU via ioctl for 'wlan0': No such device (19)
2/11/2024 -- 17:49:17 - <Warning> - [ERRCODE: SC_ERR_SYSCALL(50)] - Failure when trying to get MTU via ioctl for 'wlan0': No such device (19)
2/11/2024 -- 17:49:17 - <Info> - fast output device (regular) initialized: fast.log
2/11/2024 -- 17:49:17 - <Info> - eve-log output device (regular) initialized: eve.json
2/11/2024 -- 17:49:17 - <Info> - stats output device (regular) initialized: stats.log
2/11/2024 -- 17:49:17 - <Info> - Running in live mode, activating unix socket
2/11/2024 -- 17:49:23 - <Info> - 1 rule files processed. 35310 rules successfully loaded, 0 rules failed
2/11/2024 -- 17:49:23 - <Info> - Threshold config parsed: 0 rule(s) found
2/11/2024 -- 17:49:24 - <Info> - 35313 signatures processed. 1264 are IP-only rules, 5291 are inspecting packet payload, 28551 inspect application layer, 108 are decoder event only
2/11/2024 -- 17:49:30 - <Error> - [ERRCODE: SC_ERR_INVALID_VALUE(130)] - fanout not supported by kernel: Kernel too old or cluster-id 1 already in use.
2/11/2024 -- 17:49:30 - <Error> - [ERRCODE: SC_ERR_AFP_CREATE(190)] - Unable to find type for iface "wlan0": No such device
2/11/2024 -- 17:49:30 - <Info> - Going to use 1 thread(s)
2/11/2024 -- 17:49:30 - <Info> - Running in live mode, activating unix socket
2/11/2024 -- 17:49:30 - <Info> - Using unix socket file '/var/run/suricata/suricata-command.socket'
2/11/2024 -- 17:49:30 - <Notice> - all 1 packet processing threads, 4 management threads initialized, engine started.
2/11/2024 -- 17:49:30 - <Error> - [ERRCODE: SC_ERR_AFP_CREATE(190)] - Unable to find iface wlan0: No such device
2/11/2024 -- 17:49:30 - <Error> - [ERRCODE: SC_ERR_AFP_CREATE(190)] - Couldn't init AF_PACKET socket, fatal error
2/11/2024 -- 17:49:30 - <Error> - [ERRCODE: SC_ERR_FATAL(171)] - thread W#01-wlan0 failed
2/11/2024 -- 17:49:30 - <Notice> - This is Suricata version 6.0.15 RELEASE running in SYSTEM mode
2/11/2024 -- 17:49:30 - <Info> - CPUs/cores online: 10
2/11/2024 -- 17:49:30 - <Info> - Setting engine mode to IDS mode by default
2/11/2024 -- 17:49:30 - <Info> - master exception-policy set to: auto
2/11/2024 -- 17:49:30 - <Warning> - [ERRCODE: SC_ERR_SYSCALL(50)] - Failure when trying to get MTU via ioctl for 'wlan0': No such device (19)
2/11/2024 -- 17:49:30 - <Warning> - [ERRCODE: SC_ERR_SYSCALL(50)] - Failure when trying to get MTU via ioctl for 'wlan0': No such device (19)
2/11/2024 -- 17:49:30 - <Info> - fast output device (regular) initialized: fast.log
2/11/2024 -- 17:49:30 - <Info> - eve-log output device (regular) initialized: eve.json
2/11/2024 -- 17:49:30 - <Info> - stats output device (regular) initialized: stats.log
2/11/2024 -- 17:49:30 - <Info> - Running in live mode, activating unix socket
2/11/2024 -- 17:49:36 - <Info> - 1 rule files processed. 35310 rules successfully loaded, 0 rules failed
2/11/2024 -- 17:49:36 - <Info> - Threshold config parsed: 0 rule(s) found
2/11/2024 -- 17:49:38 - <Info> - 35313 signatures processed. 1264 are IP-only rules, 5291 are inspecting packet payload, 28551 inspect application layer, 108 are decoder event only
2/11/2024 -- 17:49:43 - <Error> - [ERRCODE: SC_ERR_INVALID_VALUE(130)] - fanout not supported by kernel: Kernel too old or cluster-id 1 already in use.
2/11/2024 -- 17:49:43 - <Error> - [ERRCODE: SC_ERR_AFP_CREATE(190)] - Unable to find type for iface "wlan0": No such device
2/11/2024 -- 17:49:43 - <Info> - Going to use 1 thread(s)
2/11/2024 -- 17:49:43 - <Info> - Running in live mode, activating unix socket
2/11/2024 -- 17:49:43 - <Info> - Using unix socket file '/var/run/suricata/suricata-command.socket'
2/11/2024 -- 17:49:43 - <Notice> - all 1 packet processing threads, 4 management threads initialized, engine started.
2/11/2024 -- 17:49:43 - <Error> - [ERRCODE: SC_ERR_AFP_CREATE(190)] - Unable to find iface wlan0: No such device
2/11/2024 -- 17:49:43 - <Error> - [ERRCODE: SC_ERR_AFP_CREATE(190)] - Couldn't init AF_PACKET socket, fatal error
2/11/2024 -- 17:49:43 - <Error> - [ERRCODE: SC_ERR_FATAL(171)] - thread W#01-wlan0 failed
2/11/2024 -- 17:49:43 - <Notice> - This is Suricata version 6.0.15 RELEASE running in SYSTEM mode
2/11/2024 -- 17:49:43 - <Info> - CPUs/cores online: 10
2/11/2024 -- 17:49:43 - <Info> - Setting engine mode to IDS mode by default
2/11/2024 -- 17:49:43 - <Info> - master exception-policy set to: auto
2/11/2024 -- 17:49:43 - <Warning> - [ERRCODE: SC_ERR_SYSCALL(50)] - Failure when trying to get MTU via ioctl for 'wlan0': No such device (19)
2/11/2024 -- 17:49:43 - <Warning> - [ERRCODE: SC_ERR_SYSCALL(50)] - Failure when trying to get MTU via ioctl for 'wlan0': No such device (19)
2/11/2024 -- 17:49:43 - <Info> - fast output device (regular) initialized: fast.log
2/11/2024 -- 17:49:43 - <Info> - eve-log output device (regular) initialized: eve.json
2/11/2024 -- 17:49:43 - <Info> - stats output device (regular) initialized: stats.log
2/11/2024 -- 17:49:43 - <Info> - Running in live mode, activating unix socket
2/11/2024 -- 17:49:49 - <Info> - 1 rule files processed. 35310 rules successfully loaded, 0 rules failed
2/11/2024 -- 17:49:49 - <Info> - Threshold config parsed: 0 rule(s) found
2/11/2024 -- 17:49:51 - <Info> - 35313 signatures processed. 1264 are IP-only rules, 5291 are inspecting packet payload, 28551 inspect application layer, 108 are decoder event only
2/11/2024 -- 17:49:56 - <Error> - [ERRCODE: SC_ERR_INVALID_VALUE(130)] - fanout not supported by kernel: Kernel too old or cluster-id 1 already in use.
2/11/2024 -- 17:49:56 - <Error> - [ERRCODE: SC_ERR_AFP_CREATE(190)] - Unable to find type for iface "wlan0": No such device
2/11/2024 -- 17:49:56 - <Info> - Going to use 1 thread(s)
2/11/2024 -- 17:49:56 - <Info> - Running in live mode, activating unix socket
2/11/2024 -- 17:49:56 - <Info> - Using unix socket file '/var/run/suricata/suricata-command.socket'
2/11/2024 -- 17:49:56 - <Notice> - all 1 packet processing threads, 4 management threads initialized, engine started.
2/11/2024 -- 17:49:56 - <Error> - [ERRCODE: SC_ERR_AFP_CREATE(190)] - Unable to find iface wlan0: No such device
2/11/2024 -- 17:49:56 - <Error> - [ERRCODE: SC_ERR_AFP_CREATE(190)] - Couldn't init AF_PACKET socket, fatal error
2/11/2024 -- 17:49:56 - <Error> - [ERRCODE: SC_ERR_FATAL(171)] - thread W#01-wlan0 failed
2/11/2024 -- 17:49:56 - <Notice> - This is Suricata version 6.0.15 RELEASE running in SYSTEM mode
2/11/2024 -- 17:49:56 - <Info> - CPUs/cores online: 10
2/11/2024 -- 17:49:56 - <Info> - Setting engine mode to IDS mode by default
2/11/2024 -- 17:49:56 - <Info> - master exception-policy set to: auto
2/11/2024 -- 17:49:56 - <Warning> - [ERRCODE: SC_ERR_SYSCALL(50)] - Failure when trying to get MTU via ioctl for 'wlan0': No such device (19)
2/11/2024 -- 17:49:56 - <Warning> - [ERRCODE: SC_ERR_SYSCALL(50)] - Failure when trying to get MTU via ioctl for 'wlan0': No such device (19)
2/11/2024 -- 17:49:56 - <Info> - fast output device (regular) initialized: fast.log
2/11/2024 -- 17:49:56 - <Info> - eve-log output device (regular) initialized: eve.json
2/11/2024 -- 17:49:56 - <Info> - stats output device (regular) initialized: stats.log
2/11/2024 -- 17:49:56 - <Info> - Running in live mode, activating unix socket
2/11/2024 -- 17:50:02 - <Info> - 1 rule files processed. 35310 rules successfully loaded, 0 rules failed
2/11/2024 -- 17:50:03 - <Info> - Threshold config parsed: 0 rule(s) found
2/11/2024 -- 17:50:04 - <Info> - 35313 signatures processed. 1264 are IP-only rules, 5291 are inspecting packet payload, 28551 inspect application layer, 108 are decoder event only
2/11/2024 -- 17:50:09 - <Error> - [ERRCODE: SC_ERR_INVALID_VALUE(130)] - fanout not supported by kernel: Kernel too old or cluster-id 1 already in use.
2/11/2024 -- 17:50:09 - <Error> - [ERRCODE: SC_ERR_AFP_CREATE(190)] - Unable to find type for iface "wlan0": No such device
2/11/2024 -- 17:50:09 - <Info> - Going to use 1 thread(s)
2/11/2024 -- 17:50:09 - <Info> - Running in live mode, activating unix socket
2/11/2024 -- 17:50:09 - <Info> - Using unix socket file '/var/run/suricata/suricata-command.socket'
2/11/2024 -- 17:50:09 - <Notice> - all 1 packet processing threads, 4 management threads initialized, engine started.
2/11/2024 -- 17:50:09 - <Error> - [ERRCODE: SC_ERR_AFP_CREATE(190)] - Unable to find iface wlan0: No such device
2/11/2024 -- 17:50:09 - <Error> - [ERRCODE: SC_ERR_AFP_CREATE(190)] - Couldn't init AF_PACKET socket, fatal error
2/11/2024 -- 17:50:09 - <Error> - [ERRCODE: SC_ERR_FATAL(171)] - thread W#01-wlan0 failed
2/11/2024 -- 17:50:09 - <Notice> - This is Suricata version 6.0.15 RELEASE running in SYSTEM mode
2/11/2024 -- 17:50:09 - <Info> - CPUs/cores online: 10
2/11/2024 -- 17:50:09 - <Info> - Setting engine mode to IDS mode by default
2/11/2024 -- 17:50:09 - <Info> - master exception-policy set to: auto
2/11/2024 -- 17:50:09 - <Warning> - [ERRCODE: SC_ERR_SYSCALL(50)] - Failure when trying to get MTU via ioctl for 'wlan0': No such device (19)
2/11/2024 -- 17:50:09 - <Warning> - [ERRCODE: SC_ERR_SYSCALL(50)] - Failure when trying to get MTU via ioctl for 'wlan0': No such device (19)
2/11/2024 -- 17:50:10 - <Info> - fast output device (regular) initialized: fast.log
2/11/2024 -- 17:50:10 - <Info> - eve-log output device (regular) initialized: eve.json
2/11/2024 -- 17:50:10 - <Info> - stats output device (regular) initialized: stats.log
2/11/2024 -- 17:50:10 - <Info> - Running in live mode, activating unix socket
2/11/2024 -- 17:50:16 - <Info> - 1 rule files processed. 35310 rules successfully loaded, 0 rules failed
2/11/2024 -- 17:50:16 - <Info> - Threshold config parsed: 0 rule(s) found
2/11/2024 -- 17:50:17 - <Info> - 35313 signatures processed. 1264 are IP-only rules, 5291 are inspecting packet payload, 28551 inspect application layer, 108 are decoder event only
2/11/2024 -- 17:50:22 - <Error> - [ERRCODE: SC_ERR_INVALID_VALUE(130)] - fanout not supported by kernel: Kernel too old or cluster-id 1 already in use.
2/11/2024 -- 17:50:22 - <Error> - [ERRCODE: SC_ERR_AFP_CREATE(190)] - Unable to find type for iface "wlan0": No such device
2/11/2024 -- 17:50:22 - <Info> - Going to use 1 thread(s)
2/11/2024 -- 17:50:22 - <Info> - Running in live mode, activating unix socket
2/11/2024 -- 17:50:22 - <Info> - Using unix socket file '/var/run/suricata/suricata-command.socket'
2/11/2024 -- 17:50:22 - <Notice> - all 1 packet processing threads, 4 management threads initialized, engine started.
2/11/2024 -- 17:50:22 - <Error> - [ERRCODE: SC_ERR_AFP_CREATE(190)] - Unable to find iface wlan0: No such device
2/11/2024 -- 17:50:22 - <Error> - [ERRCODE: SC_ERR_AFP_CREATE(190)] - Couldn't init AF_PACKET socket, fatal error
2/11/2024 -- 17:50:22 - <Error> - [ERRCODE: SC_ERR_FATAL(171)] - thread W#01-wlan0 failed
2/11/2024 -- 17:50:22 - <Notice> - This is Suricata version 6.0.15 RELEASE running in SYSTEM mode
2/11/2024 -- 17:50:22 - <Info> - CPUs/cores online: 10
2/11/2024 -- 17:50:22 - <Info> - Setting engine mode to IDS mode by default
2/11/2024 -- 17:50:22 - <Info> - master exception-policy set to: auto
2/11/2024 -- 17:50:22 - <Warning> - [ERRCODE: SC_ERR_SYSCALL(50)] - Failure when trying to get MTU via ioctl for 'wlan0': No such device (19)
2/11/2024 -- 17:50:22 - <Warning> - [ERRCODE: SC_ERR_SYSCALL(50)] - Failure when trying to get MTU via ioctl for 'wlan0': No such device (19)
2/11/2024 -- 17:50:22 - <Info> - fast output device (regular) initialized: fast.log
2/11/2024 -- 17:50:22 - <Info> - eve-log output device (regular) initialized: eve.json
2/11/2024 -- 17:50:22 - <Info> - stats output device (regular) initialized: stats.log
2/11/2024 -- 17:50:22 - <Info> - Running in live mode, activating unix socket
2/11/2024 -- 17:50:29 - <Info> - 1 rule files processed. 35310 rules successfully loaded, 0 rules failed
2/11/2024 -- 17:50:29 - <Info> - Threshold config parsed: 0 rule(s) found
2/11/2024 -- 17:50:30 - <Info> - 35313 signatures processed. 1264 are IP-only rules, 5291 are inspecting packet payload, 28551 inspect application layer, 108 are decoder event only
2/11/2024 -- 17:50:35 - <Error> - [ERRCODE: SC_ERR_INVALID_VALUE(130)] - fanout not supported by kernel: Kernel too old or cluster-id 1 already in use.
2/11/2024 -- 17:50:35 - <Error> - [ERRCODE: SC_ERR_AFP_CREATE(190)] - Unable to find type for iface "wlan0": No such device
2/11/2024 -- 17:50:35 - <Info> - Going to use 1 thread(s)
2/11/2024 -- 17:50:35 - <Info> - Running in live mode, activating unix socket
2/11/2024 -- 17:50:35 - <Info> - Using unix socket file '/var/run/suricata/suricata-command.socket'
2/11/2024 -- 17:50:35 - <Notice> - all 1 packet processing threads, 4 management threads initialized, engine started.
2/11/2024 -- 17:50:35 - <Error> - [ERRCODE: SC_ERR_AFP_CREATE(190)] - Unable to find iface wlan0: No such device
2/11/2024 -- 17:50:35 - <Error> - [ERRCODE: SC_ERR_AFP_CREATE(190)] - Couldn't init AF_PACKET socket, fatal error
2/11/2024 -- 17:50:35 - <Error> - [ERRCODE: SC_ERR_FATAL(171)] - thread W#01-wlan0 failed
2/11/2024 -- 17:50:35 - <Notice> - This is Suricata version 6.0.15 RELEASE running in SYSTEM mode
2/11/2024 -- 17:50:35 - <Info> - CPUs/cores online: 10
2/11/2024 -- 17:50:35 - <Info> - Setting engine mode to IDS mode by default
2/11/2024 -- 17:50:35 - <Info> - master exception-policy set to: auto
2/11/2024 -- 17:50:35 - <Warning> - [ERRCODE: SC_ERR_SYSCALL(50)] - Failure when trying to get MTU via ioctl for 'wlan0': No such device (19)
2/11/2024 -- 17:50:35 - <Warning> - [ERRCODE: SC_ERR_SYSCALL(50)] - Failure when trying to get MTU via ioctl for 'wlan0': No such device (19)
2/11/2024 -- 17:50:36 - <Info> - fast output device (regular) initialized: fast.log
2/11/2024 -- 17:50:36 - <Info> - eve-log output device (regular) initialized: eve.json
2/11/2024 -- 17:50:36 - <Info> - stats output device (regular) initialized: stats.log
2/11/2024 -- 17:50:36 - <Info> - Running in live mode, activating unix socket
2/11/2024 -- 17:50:42 - <Info> - 1 rule files processed. 35310 rules successfully loaded, 0 rules failed
2/11/2024 -- 17:50:42 - <Info> - Threshold config parsed: 0 rule(s) found
2/11/2024 -- 17:50:43 - <Info> - 35313 signatures processed. 1264 are IP-only rules, 5291 are inspecting packet payload, 28551 inspect application layer, 108 are decoder event only
2/11/2024 -- 17:50:48 - <Error> - [ERRCODE: SC_ERR_INVALID_VALUE(130)] - fanout not supported by kernel: Kernel too old or cluster-id 1 already in use.
2/11/2024 -- 17:50:48 - <Error> - [ERRCODE: SC_ERR_AFP_CREATE(190)] - Unable to find type for iface "wlan0": No such device
2/11/2024 -- 17:50:48 - <Info> - Going to use 1 thread(s)
2/11/2024 -- 17:50:48 - <Info> - Running in live mode, activating unix socket
2/11/2024 -- 17:50:48 - <Info> - Using unix socket file '/var/run/suricata/suricata-command.socket'
2/11/2024 -- 17:50:48 - <Notice> - all 1 packet processing threads, 4 management threads initialized, engine started.
2/11/2024 -- 17:50:48 - <Error> - [ERRCODE: SC_ERR_AFP_CREATE(190)] - Unable to find iface wlan0: No such device
2/11/2024 -- 17:50:48 - <Error> - [ERRCODE: SC_ERR_AFP_CREATE(190)] - Couldn't init AF_PACKET socket, fatal error
2/11/2024 -- 17:50:48 - <Error> - [ERRCODE: SC_ERR_FATAL(171)] - thread W#01-wlan0 failed
2/11/2024 -- 17:50:49 - <Notice> - This is Suricata version 6.0.15 RELEASE running in SYSTEM mode
2/11/2024 -- 17:50:49 - <Info> - CPUs/cores online: 10
2/11/2024 -- 17:50:49 - <Info> - Setting engine mode to IDS mode by default
2/11/2024 -- 17:50:49 - <Info> - master exception-policy set to: auto
2/11/2024 -- 17:50:49 - <Warning> - [ERRCODE: SC_ERR_SYSCALL(50)] - Failure when trying to get MTU via ioctl for 'wlan0': No such device (19)
2/11/2024 -- 17:50:49 - <Warning> - [ERRCODE: SC_ERR_SYSCALL(50)] - Failure when trying to get MTU via ioctl for 'wlan0': No such device (19)
2/11/2024 -- 17:50:49 - <Info> - fast output device (regular) initialized: fast.log
2/11/2024 -- 17:50:49 - <Info> - eve-log output device (regular) initialized: eve.json
2/11/2024 -- 17:50:49 - <Info> - stats output device (regular) initialized: stats.log
2/11/2024 -- 17:50:49 - <Info> - Running in live mode, activating unix socket
2/11/2024 -- 17:50:55 - <Info> - 1 rule files processed. 35310 rules successfully loaded, 0 rules failed
2/11/2024 -- 17:50:55 - <Info> - Threshold config parsed: 0 rule(s) found
2/11/2024 -- 17:50:56 - <Info> - 35313 signatures processed. 1264 are IP-only rules, 5291 are inspecting packet payload, 28551 inspect application layer, 108 are decoder event only
2/11/2024 -- 17:51:01 - <Error> - [ERRCODE: SC_ERR_INVALID_VALUE(130)] - fanout not supported by kernel: Kernel too old or cluster-id 1 already in use.
2/11/2024 -- 17:51:01 - <Error> - [ERRCODE: SC_ERR_AFP_CREATE(190)] - Unable to find type for iface "wlan0": No such device
2/11/2024 -- 17:51:01 - <Info> - Going to use 1 thread(s)
2/11/2024 -- 17:51:02 - <Info> - Running in live mode, activating unix socket
2/11/2024 -- 17:51:02 - <Info> - Using unix socket file '/var/run/suricata/suricata-command.socket'
2/11/2024 -- 17:51:02 - <Notice> - all 1 packet processing threads, 4 management threads initialized, engine started.
2/11/2024 -- 17:51:02 - <Error> - [ERRCODE: SC_ERR_AFP_CREATE(190)] - Unable to find iface wlan0: No such device
2/11/2024 -- 17:51:02 - <Error> - [ERRCODE: SC_ERR_AFP_CREATE(190)] - Couldn't init AF_PACKET socket, fatal error
2/11/2024 -- 17:51:02 - <Error> - [ERRCODE: SC_ERR_FATAL(171)] - thread W#01-wlan0 failed
2/11/2024 -- 17:51:02 - <Notice> - This is Suricata version 6.0.15 RELEASE running in SYSTEM mode
2/11/2024 -- 17:51:02 - <Info> - CPUs/cores online: 10
2/11/2024 -- 17:51:02 - <Info> - Setting engine mode to IDS mode by default
2/11/2024 -- 17:51:02 - <Info> - master exception-policy set to: auto
2/11/2024 -- 17:51:02 - <Warning> - [ERRCODE: SC_ERR_SYSCALL(50)] - Failure when trying to get MTU via ioctl for 'wlan0': No such device (19)
2/11/2024 -- 17:51:02 - <Warning> - [ERRCODE: SC_ERR_SYSCALL(50)] - Failure when trying to get MTU via ioctl for 'wlan0': No such device (19)
2/11/2024 -- 17:51:02 - <Info> - fast output device (regular) initialized: fast.log
2/11/2024 -- 17:51:02 - <Info> - eve-log output device (regular) initialized: eve.json
2/11/2024 -- 17:51:02 - <Info> - stats output device (regular) initialized: stats.log
2/11/2024 -- 17:51:02 - <Info> - Running in live mode, activating unix socket
2/11/2024 -- 17:51:08 - <Info> - 1 rule files processed. 35310 rules successfully loaded, 0 rules failed
2/11/2024 -- 17:51:08 - <Info> - Threshold config parsed: 0 rule(s) found
2/11/2024 -- 17:51:10 - <Info> - 35313 signatures processed. 1264 are IP-only rules, 5291 are inspecting packet payload, 28551 inspect application layer, 108 are decoder event only
2/11/2024 -- 17:51:15 - <Error> - [ERRCODE: SC_ERR_INVALID_VALUE(130)] - fanout not supported by kernel: Kernel too old or cluster-id 1 already in use.
2/11/2024 -- 17:51:15 - <Error> - [ERRCODE: SC_ERR_AFP_CREATE(190)] - Unable to find type for iface "wlan0": No such device
2/11/2024 -- 17:51:15 - <Info> - Going to use 1 thread(s)
2/11/2024 -- 17:51:15 - <Info> - Running in live mode, activating unix socket
2/11/2024 -- 17:51:15 - <Info> - Using unix socket file '/var/run/suricata/suricata-command.socket'
2/11/2024 -- 17:51:15 - <Notice> - all 1 packet processing threads, 4 management threads initialized, engine started.
2/11/2024 -- 17:51:15 - <Error> - [ERRCODE: SC_ERR_AFP_CREATE(190)] - Unable to find iface wlan0: No such device
2/11/2024 -- 17:51:16 - <Error> - [ERRCODE: SC_ERR_AFP_CREATE(190)] - Couldn't init AF_PACKET socket, fatal error
2/11/2024 -- 17:51:16 - <Error> - [ERRCODE: SC_ERR_FATAL(171)] - thread W#01-wlan0 failed
2/11/2024 -- 17:51:16 - <Notice> - This is Suricata version 6.0.15 RELEASE running in SYSTEM mode
2/11/2024 -- 17:51:16 - <Info> - CPUs/cores online: 10
2/11/2024 -- 17:51:16 - <Info> - Setting engine mode to IDS mode by default
2/11/2024 -- 17:51:16 - <Info> - master exception-policy set to: auto
2/11/2024 -- 17:51:16 - <Warning> - [ERRCODE: SC_ERR_SYSCALL(50)] - Failure when trying to get MTU via ioctl for 'wlan0': No such device (19)
2/11/2024 -- 17:51:16 - <Warning> - [ERRCODE: SC_ERR_SYSCALL(50)] - Failure when trying to get MTU via ioctl for 'wlan0': No such device (19)
2/11/2024 -- 17:51:16 - <Info> - fast output device (regular) initialized: fast.log
2/11/2024 -- 17:51:16 - <Info> - eve-log output device (regular) initialized: eve.json
2/11/2024 -- 17:51:16 - <Info> - stats output device (regular) initialized: stats.log
2/11/2024 -- 17:51:16 - <Info> - Running in live mode, activating unix socket
2/11/2024 -- 17:51:23 - <Info> - 1 rule files processed. 35310 rules successfully loaded, 0 rules failed
2/11/2024 -- 17:51:23 - <Info> - Threshold config parsed: 0 rule(s) found
2/11/2024 -- 17:51:24 - <Info> - 35313 signatures processed. 1264 are IP-only rules, 5291 are inspecting packet payload, 28551 inspect application layer, 108 are decoder event only
2/11/2024 -- 17:51:30 - <Error> - [ERRCODE: SC_ERR_INVALID_VALUE(130)] - fanout not supported by kernel: Kernel too old or cluster-id 1 already in use.
2/11/2024 -- 17:51:30 - <Error> - [ERRCODE: SC_ERR_AFP_CREATE(190)] - Unable to find type for iface "wlan0": No such device
2/11/2024 -- 17:51:30 - <Info> - Going to use 1 thread(s)
2/11/2024 -- 17:51:30 - <Info> - Running in live mode, activating unix socket
2/11/2024 -- 17:51:30 - <Info> - Using unix socket file '/var/run/suricata/suricata-command.socket'
2/11/2024 -- 17:51:30 - <Notice> - all 1 packet processing threads, 4 management threads initialized, engine started.
2/11/2024 -- 17:51:30 - <Error> - [ERRCODE: SC_ERR_AFP_CREATE(190)] - Unable to find iface wlan0: No such device
2/11/2024 -- 17:51:30 - <Error> - [ERRCODE: SC_ERR_AFP_CREATE(190)] - Couldn't init AF_PACKET socket, fatal error
2/11/2024 -- 17:51:30 - <Error> - [ERRCODE: SC_ERR_FATAL(171)] - thread W#01-wlan0 failed
2/11/2024 -- 17:51:30 - <Notice> - This is Suricata version 6.0.15 RELEASE running in SYSTEM mode
2/11/2024 -- 17:51:30 - <Info> - CPUs/cores online: 10
2/11/2024 -- 17:51:30 - <Info> - Setting engine mode to IDS mode by default
2/11/2024 -- 17:51:30 - <Info> - master exception-policy set to: auto
2/11/2024 -- 17:51:30 - <Warning> - [ERRCODE: SC_ERR_SYSCALL(50)] - Failure when trying to get MTU via ioctl for 'wlan0': No such device (19)
2/11/2024 -- 17:51:30 - <Warning> - [ERRCODE: SC_ERR_SYSCALL(50)] - Failure when trying to get MTU via ioctl for 'wlan0': No such device (19)
2/11/2024 -- 17:51:30 - <Info> - fast output device (regular) initialized: fast.log
2/11/2024 -- 17:51:30 - <Info> - eve-log output device (regular) initialized: eve.json
2/11/2024 -- 17:51:30 - <Info> - stats output device (regular) initialized: stats.log
2/11/2024 -- 17:51:30 - <Info> - Running in live mode, activating unix socket
2/11/2024 -- 17:51:36 - <Info> - 1 rule files processed. 35310 rules successfully loaded, 0 rules failed
2/11/2024 -- 17:51:36 - <Info> - Threshold config parsed: 0 rule(s) found
2/11/2024 -- 17:51:37 - <Info> - 35313 signatures processed. 1264 are IP-only rules, 5291 are inspecting packet payload, 28551 inspect application layer, 108 are decoder event only
2/11/2024 -- 17:52:03 - <Notice> - This is Suricata version 6.0.15 RELEASE running in SYSTEM mode
2/11/2024 -- 17:52:03 - <Info> - CPUs/cores online: 10
2/11/2024 -- 17:52:03 - <Info> - Setting engine mode to IDS mode by default
2/11/2024 -- 17:52:03 - <Info> - master exception-policy set to: auto
2/11/2024 -- 17:52:04 - <Warning> - [ERRCODE: SC_ERR_SYSCALL(50)] - Failure when trying to get MTU via ioctl for 'wlan0': No such device (19)
2/11/2024 -- 17:52:04 - <Warning> - [ERRCODE: SC_ERR_SYSCALL(50)] - Failure when trying to get MTU via ioctl for 'wlan0': No such device (19)
2/11/2024 -- 17:52:04 - <Info> - fast output device (regular) initialized: fast.log
2/11/2024 -- 17:52:04 - <Info> - eve-log output device (regular) initialized: eve.json
2/11/2024 -- 17:52:04 - <Info> - stats output device (regular) initialized: stats.log
2/11/2024 -- 17:52:04 - <Info> - Running in live mode, activating unix socket
2/11/2024 -- 17:52:10 - <Info> - 1 rule files processed. 35310 rules successfully loaded, 0 rules failed
2/11/2024 -- 17:52:10 - <Info> - Threshold config parsed: 0 rule(s) found
2/11/2024 -- 17:52:11 - <Info> - 35313 signatures processed. 1264 are IP-only rules, 5291 are inspecting packet payload, 28551 inspect application layer, 108 are decoder event only
2/11/2024 -- 17:52:17 - <Error> - [ERRCODE: SC_ERR_INVALID_VALUE(130)] - fanout not supported by kernel: Kernel too old or cluster-id 1 already in use.
2/11/2024 -- 17:52:17 - <Error> - [ERRCODE: SC_ERR_AFP_CREATE(190)] - Unable to find type for iface "wlan0": No such device
2/11/2024 -- 17:52:17 - <Info> - Going to use 1 thread(s)
2/11/2024 -- 17:52:17 - <Info> - Running in live mode, activating unix socket
2/11/2024 -- 17:52:17 - <Info> - Using unix socket file '/var/run/suricata/suricata-command.socket'
2/11/2024 -- 17:52:17 - <Notice> - all 1 packet processing threads, 4 management threads initialized, engine started.
2/11/2024 -- 17:52:17 - <Error> - [ERRCODE: SC_ERR_AFP_CREATE(190)] - Unable to find iface wlan0: No such device
2/11/2024 -- 17:52:17 - <Error> - [ERRCODE: SC_ERR_AFP_CREATE(190)] - Couldn't init AF_PACKET socket, fatal error
2/11/2024 -- 17:52:17 - <Error> - [ERRCODE: SC_ERR_FATAL(171)] - thread W#01-wlan0 failed
2/11/2024 -- 17:52:17 - <Notice> - This is Suricata version 6.0.15 RELEASE running in SYSTEM mode
2/11/2024 -- 17:52:17 - <Info> - CPUs/cores online: 10
2/11/2024 -- 17:52:17 - <Info> - Setting engine mode to IDS mode by default
2/11/2024 -- 17:52:17 - <Info> - master exception-policy set to: auto
2/11/2024 -- 17:52:17 - <Warning> - [ERRCODE: SC_ERR_SYSCALL(50)] - Failure when trying to get MTU via ioctl for 'wlan0': No such device (19)
2/11/2024 -- 17:52:17 - <Warning> - [ERRCODE: SC_ERR_SYSCALL(50)] - Failure when trying to get MTU via ioctl for 'wlan0': No such device (19)
2/11/2024 -- 17:52:17 - <Info> - fast output device (regular) initialized: fast.log
2/11/2024 -- 17:52:17 - <Info> - eve-log output device (regular) initialized: eve.json
2/11/2024 -- 17:52:17 - <Info> - stats output device (regular) initialized: stats.log
2/11/2024 -- 17:52:17 - <Info> - Running in live mode, activating unix socket
2/11/2024 -- 17:52:23 - <Info> - 1 rule files processed. 35310 rules successfully loaded, 0 rules failed
2/11/2024 -- 17:52:23 - <Info> - Threshold config parsed: 0 rule(s) found
2/11/2024 -- 17:52:25 - <Info> - 35313 signatures processed. 1264 are IP-only rules, 5291 are inspecting packet payload, 28551 inspect application layer, 108 are decoder event only
2/11/2024 -- 17:52:30 - <Error> - [ERRCODE: SC_ERR_INVALID_VALUE(130)] - fanout not supported by kernel: Kernel too old or cluster-id 1 already in use.
2/11/2024 -- 17:52:30 - <Error> - [ERRCODE: SC_ERR_AFP_CREATE(190)] - Unable to find type for iface "wlan0": No such device
2/11/2024 -- 17:52:30 - <Info> - Going to use 1 thread(s)
2/11/2024 -- 17:52:30 - <Info> - Running in live mode, activating unix socket
2/11/2024 -- 17:52:30 - <Info> - Using unix socket file '/var/run/suricata/suricata-command.socket'
2/11/2024 -- 17:52:30 - <Notice> - all 1 packet processing threads, 4 management threads initialized, engine started.
2/11/2024 -- 17:52:30 - <Error> - [ERRCODE: SC_ERR_AFP_CREATE(190)] - Unable to find iface wlan0: No such device
2/11/2024 -- 17:52:30 - <Error> - [ERRCODE: SC_ERR_AFP_CREATE(190)] - Couldn't init AF_PACKET socket, fatal error
2/11/2024 -- 17:52:30 - <Error> - [ERRCODE: SC_ERR_FATAL(171)] - thread W#01-wlan0 failed
2/11/2024 -- 17:52:30 - <Notice> - This is Suricata version 6.0.15 RELEASE running in SYSTEM mode
2/11/2024 -- 17:52:30 - <Info> - CPUs/cores online: 10
2/11/2024 -- 17:52:30 - <Info> - Setting engine mode to IDS mode by default
2/11/2024 -- 17:52:30 - <Info> - master exception-policy set to: auto
2/11/2024 -- 17:52:30 - <Warning> - [ERRCODE: SC_ERR_SYSCALL(50)] - Failure when trying to get MTU via ioctl for 'wlan0': No such device (19)
2/11/2024 -- 17:52:30 - <Warning> - [ERRCODE: SC_ERR_SYSCALL(50)] - Failure when trying to get MTU via ioctl for 'wlan0': No such device (19)
2/11/2024 -- 17:52:30 - <Info> - fast output device (regular) initialized: fast.log
2/11/2024 -- 17:52:30 - <Info> - eve-log output device (regular) initialized: eve.json
2/11/2024 -- 17:52:30 - <Info> - stats output device (regular) initialized: stats.log
2/11/2024 -- 17:52:30 - <Info> - Running in live mode, activating unix socket
2/11/2024 -- 17:52:37 - <Info> - 1 rule files processed. 35310 rules successfully loaded, 0 rules failed
2/11/2024 -- 17:52:37 - <Info> - Threshold config parsed: 0 rule(s) found
2/11/2024 -- 17:52:38 - <Info> - 35313 signatures processed. 1264 are IP-only rules, 5291 are inspecting packet payload, 28551 inspect application layer, 108 are decoder event only
2/11/2024 -- 17:52:43 - <Error> - [ERRCODE: SC_ERR_INVALID_VALUE(130)] - fanout not supported by kernel: Kernel too old or cluster-id 1 already in use.
2/11/2024 -- 17:52:43 - <Error> - [ERRCODE: SC_ERR_AFP_CREATE(190)] - Unable to find type for iface "wlan0": No such device
2/11/2024 -- 17:52:43 - <Info> - Going to use 1 thread(s)
2/11/2024 -- 17:52:43 - <Info> - Running in live mode, activating unix socket
2/11/2024 -- 17:52:43 - <Info> - Using unix socket file '/var/run/suricata/suricata-command.socket'
2/11/2024 -- 17:52:43 - <Notice> - all 1 packet processing threads, 4 management threads initialized, engine started.
2/11/2024 -- 17:52:43 - <Error> - [ERRCODE: SC_ERR_AFP_CREATE(190)] - Unable to find iface wlan0: No such device
2/11/2024 -- 17:52:43 - <Error> - [ERRCODE: SC_ERR_AFP_CREATE(190)] - Couldn't init AF_PACKET socket, fatal error
2/11/2024 -- 17:52:43 - <Error> - [ERRCODE: SC_ERR_FATAL(171)] - thread W#01-wlan0 failed
2/11/2024 -- 17:52:44 - <Notice> - This is Suricata version 6.0.15 RELEASE running in SYSTEM mode
2/11/2024 -- 17:52:44 - <Info> - CPUs/cores online: 10
2/11/2024 -- 17:52:44 - <Info> - Setting engine mode to IDS mode by default
2/11/2024 -- 17:52:44 - <Info> - master exception-policy set to: auto
2/11/2024 -- 17:52:44 - <Warning> - [ERRCODE: SC_ERR_SYSCALL(50)] - Failure when trying to get MTU via ioctl for 'wlan0': No such device (19)
2/11/2024 -- 17:52:44 - <Warning> - [ERRCODE: SC_ERR_SYSCALL(50)] - Failure when trying to get MTU via ioctl for 'wlan0': No such device (19)
2/11/2024 -- 17:52:44 - <Info> - fast output device (regular) initialized: fast.log
2/11/2024 -- 17:52:44 - <Info> - eve-log output device (regular) initialized: eve.json
2/11/2024 -- 17:52:44 - <Info> - stats output device (regular) initialized: stats.log
2/11/2024 -- 17:52:44 - <Info> - Running in live mode, activating unix socket
2/11/2024 -- 17:52:50 - <Info> - 1 rule files processed. 35310 rules successfully loaded, 0 rules failed
2/11/2024 -- 17:52:50 - <Info> - Threshold config parsed: 0 rule(s) found
2/11/2024 -- 17:52:51 - <Info> - 35313 signatures processed. 1264 are IP-only rules, 5291 are inspecting packet payload, 28551 inspect application layer, 108 are decoder event only
2/11/2024 -- 17:52:57 - <Error> - [ERRCODE: SC_ERR_INVALID_VALUE(130)] - fanout not supported by kernel: Kernel too old or cluster-id 1 already in use.
2/11/2024 -- 17:52:57 - <Error> - [ERRCODE: SC_ERR_AFP_CREATE(190)] - Unable to find type for iface "wlan0": No such device
2/11/2024 -- 17:52:57 - <Info> - Going to use 1 thread(s)
2/11/2024 -- 17:52:57 - <Info> - Running in live mode, activating unix socket
2/11/2024 -- 17:52:57 - <Info> - Using unix socket file '/var/run/suricata/suricata-command.socket'
2/11/2024 -- 17:52:57 - <Notice> - all 1 packet processing threads, 4 management threads initialized, engine started.
2/11/2024 -- 17:52:57 - <Error> - [ERRCODE: SC_ERR_AFP_CREATE(190)] - Unable to find iface wlan0: No such device
2/11/2024 -- 17:52:57 - <Error> - [ERRCODE: SC_ERR_AFP_CREATE(190)] - Couldn't init AF_PACKET socket, fatal error
2/11/2024 -- 17:52:57 - <Error> - [ERRCODE: SC_ERR_FATAL(171)] - thread W#01-wlan0 failed
2/11/2024 -- 17:52:57 - <Notice> - This is Suricata version 6.0.15 RELEASE running in SYSTEM mode
2/11/2024 -- 17:52:57 - <Info> - CPUs/cores online: 10
2/11/2024 -- 17:52:57 - <Info> - Setting engine mode to IDS mode by default
2/11/2024 -- 17:52:57 - <Info> - master exception-policy set to: auto
2/11/2024 -- 17:52:57 - <Warning> - [ERRCODE: SC_ERR_SYSCALL(50)] - Failure when trying to get MTU via ioctl for 'wlan0': No such device (19)
2/11/2024 -- 17:52:57 - <Warning> - [ERRCODE: SC_ERR_SYSCALL(50)] - Failure when trying to get MTU via ioctl for 'wlan0': No such device (19)
2/11/2024 -- 17:52:57 - <Info> - fast output device (regular) initialized: fast.log
2/11/2024 -- 17:52:57 - <Info> - eve-log output device (regular) initialized: eve.json
2/11/2024 -- 17:52:57 - <Info> - stats output device (regular) initialized: stats.log
2/11/2024 -- 17:52:57 - <Info> - Running in live mode, activating unix socket
2/11/2024 -- 17:53:04 - <Info> - 1 rule files processed. 35310 rules successfully loaded, 0 rules failed
2/11/2024 -- 17:53:04 - <Info> - Threshold config parsed: 0 rule(s) found
2/11/2024 -- 17:53:05 - <Info> - 35313 signatures processed. 1264 are IP-only rules, 5291 are inspecting packet payload, 28551 inspect application layer, 108 are decoder event only
2/11/2024 -- 17:53:11 - <Error> - [ERRCODE: SC_ERR_INVALID_VALUE(130)] - fanout not supported by kernel: Kernel too old or cluster-id 1 already in use.
2/11/2024 -- 17:53:11 - <Error> - [ERRCODE: SC_ERR_AFP_CREATE(190)] - Unable to find type for iface "wlan0": No such device
2/11/2024 -- 17:53:11 - <Info> - Going to use 1 thread(s)
2/11/2024 -- 17:53:11 - <Info> - Running in live mode, activating unix socket
2/11/2024 -- 17:53:11 - <Info> - Using unix socket file '/var/run/suricata/suricata-command.socket'
2/11/2024 -- 17:53:11 - <Notice> - all 1 packet processing threads, 4 management threads initialized, engine started.
2/11/2024 -- 17:53:11 - <Error> - [ERRCODE: SC_ERR_AFP_CREATE(190)] - Unable to find iface wlan0: No such device
2/11/2024 -- 17:53:11 - <Error> - [ERRCODE: SC_ERR_AFP_CREATE(190)] - Couldn't init AF_PACKET socket, fatal error
2/11/2024 -- 17:53:11 - <Error> - [ERRCODE: SC_ERR_FATAL(171)] - thread W#01-wlan0 failed
2/11/2024 -- 17:53:11 - <Notice> - This is Suricata version 6.0.15 RELEASE running in SYSTEM mode
2/11/2024 -- 17:53:11 - <Info> - CPUs/cores online: 10
2/11/2024 -- 17:53:11 - <Info> - Setting engine mode to IDS mode by default
2/11/2024 -- 17:53:11 - <Info> - master exception-policy set to: auto
2/11/2024 -- 17:53:11 - <Warning> - [ERRCODE: SC_ERR_SYSCALL(50)] - Failure when trying to get MTU via ioctl for 'wlan0': No such device (19)
2/11/2024 -- 17:53:11 - <Warning> - [ERRCODE: SC_ERR_SYSCALL(50)] - Failure when trying to get MTU via ioctl for 'wlan0': No such device (19)
2/11/2024 -- 17:53:11 - <Info> - fast output device (regular) initialized: fast.log
2/11/2024 -- 17:53:11 - <Info> - eve-log output device (regular) initialized: eve.json
2/11/2024 -- 17:53:11 - <Info> - stats output device (regular) initialized: stats.log
2/11/2024 -- 17:53:11 - <Info> - Running in live mode, activating unix socket
2/11/2024 -- 17:53:17 - <Info> - 1 rule files processed. 35310 rules successfully loaded, 0 rules failed
2/11/2024 -- 17:53:18 - <Info> - Threshold config parsed: 0 rule(s) found
2/11/2024 -- 17:53:19 - <Info> - 35313 signatures processed. 1264 are IP-only rules, 5291 are inspecting packet payload, 28551 inspect application layer, 108 are decoder event only
2/11/2024 -- 17:53:24 - <Error> - [ERRCODE: SC_ERR_INVALID_VALUE(130)] - fanout not supported by kernel: Kernel too old or cluster-id 1 already in use.
2/11/2024 -- 17:53:24 - <Error> - [ERRCODE: SC_ERR_AFP_CREATE(190)] - Unable to find type for iface "wlan0": No such device
2/11/2024 -- 17:53:24 - <Info> - Going to use 1 thread(s)
2/11/2024 -- 17:53:24 - <Info> - Running in live mode, activating unix socket
2/11/2024 -- 17:53:24 - <Info> - Using unix socket file '/var/run/suricata/suricata-command.socket'
2/11/2024 -- 17:53:24 - <Notice> - all 1 packet processing threads, 4 management threads initialized, engine started.
2/11/2024 -- 17:53:24 - <Error> - [ERRCODE: SC_ERR_AFP_CREATE(190)] - Unable to find iface wlan0: No such device
2/11/2024 -- 17:53:24 - <Error> - [ERRCODE: SC_ERR_AFP_CREATE(190)] - Couldn't init AF_PACKET socket, fatal error
2/11/2024 -- 17:53:24 - <Error> - [ERRCODE: SC_ERR_FATAL(171)] - thread W#01-wlan0 failed
2/11/2024 -- 17:53:24 - <Notice> - This is Suricata version 6.0.15 RELEASE running in SYSTEM mode
2/11/2024 -- 17:53:24 - <Info> - CPUs/cores online: 10
2/11/2024 -- 17:53:24 - <Info> - Setting engine mode to IDS mode by default
2/11/2024 -- 17:53:24 - <Info> - master exception-policy set to: auto
2/11/2024 -- 17:53:24 - <Warning> - [ERRCODE: SC_ERR_SYSCALL(50)] - Failure when trying to get MTU via ioctl for 'wlan0': No such device (19)
2/11/2024 -- 17:53:24 - <Warning> - [ERRCODE: SC_ERR_SYSCALL(50)] - Failure when trying to get MTU via ioctl for 'wlan0': No such device (19)
2/11/2024 -- 17:53:25 - <Info> - fast output device (regular) initialized: fast.log
2/11/2024 -- 17:53:25 - <Info> - eve-log output device (regular) initialized: eve.json
2/11/2024 -- 17:53:25 - <Info> - stats output device (regular) initialized: stats.log
2/11/2024 -- 17:53:25 - <Info> - Running in live mode, activating unix socket
2/11/2024 -- 17:53:31 - <Info> - 1 rule files processed. 35310 rules successfully loaded, 0 rules failed
2/11/2024 -- 17:53:31 - <Info> - Threshold config parsed: 0 rule(s) found
2/11/2024 -- 17:53:32 - <Info> - 35313 signatures processed. 1264 are IP-only rules, 5291 are inspecting packet payload, 28551 inspect application layer, 108 are decoder event only
2/11/2024 -- 17:53:37 - <Error> - [ERRCODE: SC_ERR_INVALID_VALUE(130)] - fanout not supported by kernel: Kernel too old or cluster-id 1 already in use.
2/11/2024 -- 17:53:37 - <Error> - [ERRCODE: SC_ERR_AFP_CREATE(190)] - Unable to find type for iface "wlan0": No such device
2/11/2024 -- 17:53:37 - <Info> - Going to use 1 thread(s)
2/11/2024 -- 17:53:37 - <Info> - Running in live mode, activating unix socket
2/11/2024 -- 17:53:37 - <Info> - Using unix socket file '/var/run/suricata/suricata-command.socket'
2/11/2024 -- 17:53:37 - <Notice> - all 1 packet processing threads, 4 management threads initialized, engine started.
2/11/2024 -- 17:53:37 - <Error> - [ERRCODE: SC_ERR_AFP_CREATE(190)] - Unable to find iface wlan0: No such device
2/11/2024 -- 17:53:37 - <Error> - [ERRCODE: SC_ERR_AFP_CREATE(190)] - Couldn't init AF_PACKET socket, fatal error
2/11/2024 -- 17:53:37 - <Error> - [ERRCODE: SC_ERR_FATAL(171)] - thread W#01-wlan0 failed
2/11/2024 -- 17:53:38 - <Notice> - This is Suricata version 6.0.15 RELEASE running in SYSTEM mode
2/11/2024 -- 17:53:38 - <Info> - CPUs/cores online: 10
2/11/2024 -- 17:53:38 - <Info> - Setting engine mode to IDS mode by default
2/11/2024 -- 17:53:38 - <Info> - master exception-policy set to: auto
2/11/2024 -- 17:53:38 - <Warning> - [ERRCODE: SC_ERR_SYSCALL(50)] - Failure when trying to get MTU via ioctl for 'wlan0': No such device (19)
2/11/2024 -- 17:53:38 - <Warning> - [ERRCODE: SC_ERR_SYSCALL(50)] - Failure when trying to get MTU via ioctl for 'wlan0': No such device (19)
2/11/2024 -- 17:53:38 - <Info> - fast output device (regular) initialized: fast.log
2/11/2024 -- 17:53:38 - <Info> - eve-log output device (regular) initialized: eve.json
2/11/2024 -- 17:53:38 - <Info> - stats output device (regular) initialized: stats.log
2/11/2024 -- 17:53:38 - <Info> - Running in live mode, activating unix socket
2/11/2024 -- 17:53:44 - <Info> - 1 rule files processed. 35310 rules successfully loaded, 0 rules failed
2/11/2024 -- 17:53:44 - <Info> - Threshold config parsed: 0 rule(s) found
2/11/2024 -- 17:53:45 - <Info> - 35313 signatures processed. 1264 are IP-only rules, 5291 are inspecting packet payload, 28551 inspect application layer, 108 are decoder event only
2/11/2024 -- 17:53:51 - <Error> - [ERRCODE: SC_ERR_INVALID_VALUE(130)] - fanout not supported by kernel: Kernel too old or cluster-id 1 already in use.
2/11/2024 -- 17:53:51 - <Error> - [ERRCODE: SC_ERR_AFP_CREATE(190)] - Unable to find type for iface "wlan0": No such device
2/11/2024 -- 17:53:51 - <Info> - Going to use 1 thread(s)
2/11/2024 -- 17:53:51 - <Info> - Running in live mode, activating unix socket
2/11/2024 -- 17:53:51 - <Info> - Using unix socket file '/var/run/suricata/suricata-command.socket'
2/11/2024 -- 17:53:51 - <Notice> - all 1 packet processing threads, 4 management threads initialized, engine started.
2/11/2024 -- 17:53:51 - <Error> - [ERRCODE: SC_ERR_AFP_CREATE(190)] - Unable to find iface wlan0: No such device
2/11/2024 -- 17:53:51 - <Error> - [ERRCODE: SC_ERR_AFP_CREATE(190)] - Couldn't init AF_PACKET socket, fatal error
2/11/2024 -- 17:53:51 - <Error> - [ERRCODE: SC_ERR_FATAL(171)] - thread W#01-wlan0 failed
2/11/2024 -- 17:53:51 - <Notice> - This is Suricata version 6.0.15 RELEASE running in SYSTEM mode
2/11/2024 -- 17:53:51 - <Info> - CPUs/cores online: 10
2/11/2024 -- 17:53:51 - <Info> - Setting engine mode to IDS mode by default
2/11/2024 -- 17:53:51 - <Info> - master exception-policy set to: auto
2/11/2024 -- 17:53:51 - <Warning> - [ERRCODE: SC_ERR_SYSCALL(50)] - Failure when trying to get MTU via ioctl for 'wlan0': No such device (19)
2/11/2024 -- 17:53:51 - <Warning> - [ERRCODE: SC_ERR_SYSCALL(50)] - Failure when trying to get MTU via ioctl for 'wlan0': No such device (19)
2/11/2024 -- 17:53:51 - <Info> - fast output device (regular) initialized: fast.log
2/11/2024 -- 17:53:51 - <Info> - eve-log output device (regular) initialized: eve.json
2/11/2024 -- 17:53:51 - <Info> - stats output device (regular) initialized: stats.log
2/11/2024 -- 17:53:51 - <Info> - Running in live mode, activating unix socket
2/11/2024 -- 17:53:58 - <Info> - 1 rule files processed. 35310 rules successfully loaded, 0 rules failed
2/11/2024 -- 17:53:58 - <Info> - Threshold config parsed: 0 rule(s) found
2/11/2024 -- 17:53:59 - <Info> - 35313 signatures processed. 1264 are IP-only rules, 5291 are inspecting packet payload, 28551 inspect application layer, 108 are decoder event only
2/11/2024 -- 17:54:05 - <Error> - [ERRCODE: SC_ERR_INVALID_VALUE(130)] - fanout not supported by kernel: Kernel too old or cluster-id 1 already in use.
2/11/2024 -- 17:54:05 - <Error> - [ERRCODE: SC_ERR_AFP_CREATE(190)] - Unable to find type for iface "wlan0": No such device
2/11/2024 -- 17:54:05 - <Info> - Going to use 1 thread(s)
2/11/2024 -- 17:54:05 - <Info> - Running in live mode, activating unix socket
2/11/2024 -- 17:54:05 - <Info> - Using unix socket file '/var/run/suricata/suricata-command.socket'
2/11/2024 -- 17:54:05 - <Notice> - all 1 packet processing threads, 4 management threads initialized, engine started.
2/11/2024 -- 17:54:05 - <Error> - [ERRCODE: SC_ERR_AFP_CREATE(190)] - Unable to find iface wlan0: No such device
2/11/2024 -- 17:54:05 - <Error> - [ERRCODE: SC_ERR_AFP_CREATE(190)] - Couldn't init AF_PACKET socket, fatal error
2/11/2024 -- 17:54:05 - <Error> - [ERRCODE: SC_ERR_FATAL(171)] - thread W#01-wlan0 failed
2/11/2024 -- 17:54:05 - <Notice> - This is Suricata version 6.0.15 RELEASE running in SYSTEM mode
2/11/2024 -- 17:54:05 - <Info> - CPUs/cores online: 10
2/11/2024 -- 17:54:05 - <Info> - Setting engine mode to IDS mode by default
2/11/2024 -- 17:54:05 - <Info> - master exception-policy set to: auto
2/11/2024 -- 17:54:05 - <Warning> - [ERRCODE: SC_ERR_SYSCALL(50)] - Failure when trying to get MTU via ioctl for 'wlan0': No such device (19)
2/11/2024 -- 17:54:05 - <Warning> - [ERRCODE: SC_ERR_SYSCALL(50)] - Failure when trying to get MTU via ioctl for 'wlan0': No such device (19)
2/11/2024 -- 17:54:05 - <Info> - fast output device (regular) initialized: fast.log
2/11/2024 -- 17:54:05 - <Info> - eve-log output device (regular) initialized: eve.json
2/11/2024 -- 17:54:05 - <Info> - stats output device (regular) initialized: stats.log
2/11/2024 -- 17:54:05 - <Info> - Running in live mode, activating unix socket
2/11/2024 -- 17:54:12 - <Info> - 1 rule files processed. 35310 rules successfully loaded, 0 rules failed
2/11/2024 -- 17:54:12 - <Info> - Threshold config parsed: 0 rule(s) found
2/11/2024 -- 17:54:13 - <Info> - 35313 signatures processed. 1264 are IP-only rules, 5291 are inspecting packet payload, 28551 inspect application layer, 108 are decoder event only
2/11/2024 -- 17:54:19 - <Error> - [ERRCODE: SC_ERR_INVALID_VALUE(130)] - fanout not supported by kernel: Kernel too old or cluster-id 1 already in use.
2/11/2024 -- 17:54:19 - <Error> - [ERRCODE: SC_ERR_AFP_CREATE(190)] - Unable to find type for iface "wlan0": No such device
2/11/2024 -- 17:54:19 - <Info> - Going to use 1 thread(s)
2/11/2024 -- 17:54:19 - <Info> - Running in live mode, activating unix socket
2/11/2024 -- 17:54:19 - <Info> - Using unix socket file '/var/run/suricata/suricata-command.socket'
2/11/2024 -- 17:54:19 - <Notice> - all 1 packet processing threads, 4 management threads initialized, engine started.
2/11/2024 -- 17:54:19 - <Error> - [ERRCODE: SC_ERR_AFP_CREATE(190)] - Unable to find iface wlan0: No such device
2/11/2024 -- 17:54:19 - <Error> - [ERRCODE: SC_ERR_AFP_CREATE(190)] - Couldn't init AF_PACKET socket, fatal error
2/11/2024 -- 17:54:19 - <Error> - [ERRCODE: SC_ERR_FATAL(171)] - thread W#01-wlan0 failed
2/11/2024 -- 17:54:19 - <Notice> - This is Suricata version 6.0.15 RELEASE running in SYSTEM mode
2/11/2024 -- 17:54:19 - <Info> - CPUs/cores online: 10
2/11/2024 -- 17:54:19 - <Info> - Setting engine mode to IDS mode by default
2/11/2024 -- 17:54:19 - <Info> - master exception-policy set to: auto
2/11/2024 -- 17:54:19 - <Warning> - [ERRCODE: SC_ERR_SYSCALL(50)] - Failure when trying to get MTU via ioctl for 'wlan0': No such device (19)
2/11/2024 -- 17:54:19 - <Warning> - [ERRCODE: SC_ERR_SYSCALL(50)] - Failure when trying to get MTU via ioctl for 'wlan0': No such device (19)
2/11/2024 -- 17:54:19 - <Info> - fast output device (regular) initialized: fast.log
2/11/2024 -- 17:54:19 - <Info> - eve-log output device (regular) initialized: eve.json
2/11/2024 -- 17:54:19 - <Info> - stats output device (regular) initialized: stats.log
2/11/2024 -- 17:54:19 - <Info> - Running in live mode, activating unix socket
2/11/2024 -- 17:54:25 - <Info> - 1 rule files processed. 35310 rules successfully loaded, 0 rules failed
2/11/2024 -- 17:54:25 - <Info> - Threshold config parsed: 0 rule(s) found
2/11/2024 -- 17:54:26 - <Info> - 35313 signatures processed. 1264 are IP-only rules, 5291 are inspecting packet payload, 28551 inspect application layer, 108 are decoder event only
2/11/2024 -- 17:54:32 - <Error> - [ERRCODE: SC_ERR_INVALID_VALUE(130)] - fanout not supported by kernel: Kernel too old or cluster-id 1 already in use.
2/11/2024 -- 17:54:32 - <Error> - [ERRCODE: SC_ERR_AFP_CREATE(190)] - Unable to find type for iface "wlan0": No such device
2/11/2024 -- 17:54:32 - <Info> - Going to use 1 thread(s)
2/11/2024 -- 17:54:32 - <Info> - Running in live mode, activating unix socket
2/11/2024 -- 17:54:32 - <Info> - Using unix socket file '/var/run/suricata/suricata-command.socket'
2/11/2024 -- 17:54:32 - <Notice> - all 1 packet processing threads, 4 management threads initialized, engine started.
2/11/2024 -- 17:54:32 - <Error> - [ERRCODE: SC_ERR_AFP_CREATE(190)] - Unable to find iface wlan0: No such device
2/11/2024 -- 17:54:32 - <Error> - [ERRCODE: SC_ERR_AFP_CREATE(190)] - Couldn't init AF_PACKET socket, fatal error
2/11/2024 -- 17:54:32 - <Error> - [ERRCODE: SC_ERR_FATAL(171)] - thread W#01-wlan0 failed
2/11/2024 -- 17:54:42 - <Notice> - This is Suricata version 6.0.15 RELEASE running in SYSTEM mode
2/11/2024 -- 17:54:42 - <Info> - CPUs/cores online: 10
2/11/2024 -- 17:54:42 - <Info> - Setting engine mode to IDS mode by default
2/11/2024 -- 17:54:42 - <Info> - master exception-policy set to: auto
2/11/2024 -- 17:54:42 - <Warning> - [ERRCODE: SC_ERR_SYSCALL(50)] - Failure when trying to get MTU via ioctl for 'en0': No such device (19)
2/11/2024 -- 17:54:42 - <Warning> - [ERRCODE: SC_ERR_SYSCALL(50)] - Failure when trying to get MTU via ioctl for 'en0': No such device (19)
2/11/2024 -- 17:54:42 - <Info> - fast output device (regular) initialized: fast.log
2/11/2024 -- 17:54:42 - <Info> - eve-log output device (regular) initialized: eve.json
2/11/2024 -- 17:54:42 - <Info> - stats output device (regular) initialized: stats.log
2/11/2024 -- 17:54:42 - <Info> - Running in live mode, activating unix socket
2/11/2024 -- 17:54:49 - <Info> - 1 rule files processed. 35310 rules successfully loaded, 0 rules failed
2/11/2024 -- 17:54:49 - <Info> - Threshold config parsed: 0 rule(s) found
2/11/2024 -- 17:54:50 - <Info> - 35313 signatures processed. 1264 are IP-only rules, 5291 are inspecting packet payload, 28551 inspect application layer, 108 are decoder event only
2/11/2024 -- 17:54:56 - <Error> - [ERRCODE: SC_ERR_INVALID_VALUE(130)] - fanout not supported by kernel: Kernel too old or cluster-id 1 already in use.
2/11/2024 -- 17:54:56 - <Error> - [ERRCODE: SC_ERR_AFP_CREATE(190)] - Unable to find type for iface "en0": No such device
2/11/2024 -- 17:54:56 - <Info> - Going to use 1 thread(s)
2/11/2024 -- 17:54:56 - <Info> - Running in live mode, activating unix socket
2/11/2024 -- 17:54:56 - <Info> - Using unix socket file '/var/run/suricata/suricata-command.socket'
2/11/2024 -- 17:54:56 - <Notice> - all 1 packet processing threads, 4 management threads initialized, engine started.
2/11/2024 -- 17:54:56 - <Error> - [ERRCODE: SC_ERR_AFP_CREATE(190)] - Unable to find iface en0: No such device
2/11/2024 -- 17:54:56 - <Error> - [ERRCODE: SC_ERR_AFP_CREATE(190)] - Couldn't init AF_PACKET socket, fatal error
2/11/2024 -- 17:54:56 - <Error> - [ERRCODE: SC_ERR_FATAL(171)] - thread W#01-en0 failed
2/11/2024 -- 17:54:56 - <Notice> - This is Suricata version 6.0.15 RELEASE running in SYSTEM mode
2/11/2024 -- 17:54:56 - <Info> - CPUs/cores online: 10
2/11/2024 -- 17:54:56 - <Info> - Setting engine mode to IDS mode by default
2/11/2024 -- 17:54:56 - <Info> - master exception-policy set to: auto
2/11/2024 -- 17:54:56 - <Warning> - [ERRCODE: SC_ERR_SYSCALL(50)] - Failure when trying to get MTU via ioctl for 'en0': No such device (19)
2/11/2024 -- 17:54:56 - <Warning> - [ERRCODE: SC_ERR_SYSCALL(50)] - Failure when trying to get MTU via ioctl for 'en0': No such device (19)
2/11/2024 -- 17:54:56 - <Info> - fast output device (regular) initialized: fast.log
2/11/2024 -- 17:54:56 - <Info> - eve-log output device (regular) initialized: eve.json
2/11/2024 -- 17:54:56 - <Info> - stats output device (regular) initialized: stats.log
2/11/2024 -- 17:54:56 - <Info> - Running in live mode, activating unix socket
2/11/2024 -- 17:55:02 - <Info> - 1 rule files processed. 35310 rules successfully loaded, 0 rules failed
2/11/2024 -- 17:55:03 - <Info> - Threshold config parsed: 0 rule(s) found
2/11/2024 -- 17:55:04 - <Info> - 35313 signatures processed. 1264 are IP-only rules, 5291 are inspecting packet payload, 28551 inspect application layer, 108 are decoder event only
2/11/2024 -- 17:55:09 - <Error> - [ERRCODE: SC_ERR_INVALID_VALUE(130)] - fanout not supported by kernel: Kernel too old or cluster-id 1 already in use.
2/11/2024 -- 17:55:09 - <Error> - [ERRCODE: SC_ERR_AFP_CREATE(190)] - Unable to find type for iface "en0": No such device
2/11/2024 -- 17:55:09 - <Info> - Going to use 1 thread(s)
2/11/2024 -- 17:55:09 - <Info> - Running in live mode, activating unix socket
2/11/2024 -- 17:55:09 - <Info> - Using unix socket file '/var/run/suricata/suricata-command.socket'
2/11/2024 -- 17:55:09 - <Notice> - all 1 packet processing threads, 4 management threads initialized, engine started.
2/11/2024 -- 17:55:09 - <Error> - [ERRCODE: SC_ERR_AFP_CREATE(190)] - Unable to find iface en0: No such device
2/11/2024 -- 17:55:09 - <Error> - [ERRCODE: SC_ERR_AFP_CREATE(190)] - Couldn't init AF_PACKET socket, fatal error
2/11/2024 -- 17:55:09 - <Error> - [ERRCODE: SC_ERR_FATAL(171)] - thread W#01-en0 failed
2/11/2024 -- 17:55:09 - <Notice> - This is Suricata version 6.0.15 RELEASE running in SYSTEM mode
2/11/2024 -- 17:55:09 - <Info> - CPUs/cores online: 10
2/11/2024 -- 17:55:09 - <Info> - Setting engine mode to IDS mode by default
2/11/2024 -- 17:55:09 - <Info> - master exception-policy set to: auto
2/11/2024 -- 17:55:09 - <Warning> - [ERRCODE: SC_ERR_SYSCALL(50)] - Failure when trying to get MTU via ioctl for 'en0': No such device (19)
2/11/2024 -- 17:55:09 - <Warning> - [ERRCODE: SC_ERR_SYSCALL(50)] - Failure when trying to get MTU via ioctl for 'en0': No such device (19)
2/11/2024 -- 17:55:09 - <Info> - fast output device (regular) initialized: fast.log
2/11/2024 -- 17:55:09 - <Info> - eve-log output device (regular) initialized: eve.json
2/11/2024 -- 17:55:09 - <Info> - stats output device (regular) initialized: stats.log
2/11/2024 -- 17:55:09 - <Info> - Running in live mode, activating unix socket
2/11/2024 -- 17:55:16 - <Info> - 1 rule files processed. 35310 rules successfully loaded, 0 rules failed
2/11/2024 -- 17:55:16 - <Info> - Threshold config parsed: 0 rule(s) found
2/11/2024 -- 17:55:17 - <Info> - 35313 signatures processed. 1264 are IP-only rules, 5291 are inspecting packet payload, 28551 inspect application layer, 108 are decoder event only
2/11/2024 -- 17:55:22 - <Error> - [ERRCODE: SC_ERR_INVALID_VALUE(130)] - fanout not supported by kernel: Kernel too old or cluster-id 1 already in use.
2/11/2024 -- 17:55:22 - <Error> - [ERRCODE: SC_ERR_AFP_CREATE(190)] - Unable to find type for iface "en0": No such device
2/11/2024 -- 17:55:22 - <Info> - Going to use 1 thread(s)
2/11/2024 -- 17:55:23 - <Info> - Running in live mode, activating unix socket
2/11/2024 -- 17:55:23 - <Info> - Using unix socket file '/var/run/suricata/suricata-command.socket'
2/11/2024 -- 17:55:23 - <Notice> - all 1 packet processing threads, 4 management threads initialized, engine started.
2/11/2024 -- 17:55:23 - <Error> - [ERRCODE: SC_ERR_AFP_CREATE(190)] - Unable to find iface en0: No such device
2/11/2024 -- 17:55:23 - <Error> - [ERRCODE: SC_ERR_AFP_CREATE(190)] - Couldn't init AF_PACKET socket, fatal error
2/11/2024 -- 17:55:23 - <Error> - [ERRCODE: SC_ERR_FATAL(171)] - thread W#01-en0 failed
2/11/2024 -- 17:55:23 - <Notice> - This is Suricata version 6.0.15 RELEASE running in SYSTEM mode
2/11/2024 -- 17:55:23 - <Info> - CPUs/cores online: 10
2/11/2024 -- 17:55:23 - <Info> - Setting engine mode to IDS mode by default
2/11/2024 -- 17:55:23 - <Info> - master exception-policy set to: auto
2/11/2024 -- 17:55:23 - <Warning> - [ERRCODE: SC_ERR_SYSCALL(50)] - Failure when trying to get MTU via ioctl for 'en0': No such device (19)
2/11/2024 -- 17:55:23 - <Warning> - [ERRCODE: SC_ERR_SYSCALL(50)] - Failure when trying to get MTU via ioctl for 'en0': No such device (19)
2/11/2024 -- 17:55:23 - <Info> - fast output device (regular) initialized: fast.log
2/11/2024 -- 17:55:23 - <Info> - eve-log output device (regular) initialized: eve.json
2/11/2024 -- 17:55:23 - <Info> - stats output device (regular) initialized: stats.log
2/11/2024 -- 17:55:23 - <Info> - Running in live mode, activating unix socket
